<?xml version="1.0" encoding="UTF-8"?>
<!-- Generated by org.testng.reporters.JUnitReportReporter -->
<testsuite hostname="EPINHYDW07E7" failures="0" tests="1" name="io.linkedin.testcases.LinkedInLoginTest" time="152.303" errors="0" timestamp="2021-03-16T22:32:05 IST" skipped="0">
  <testcase classname="io.linkedin.testcases.LinkedInLoginTest" name="Linked_In_Login_Test" time="152.303"/>
  <system-out/>
</testsuite> <!-- io.linkedin.testcases.LinkedInLoginTest -->
